{"C:\\Users\\chahe\\OneDrive\\Desktop\\day17\\src\\index.js": {"path":"C:\\Users\\chahe\\OneDrive\\Desktop\\day17\\src\\index.js","statementMap":{"0":{"start":{"line":1,"column":16},"end":{"line":1,"column":34}},"1":{"start":{"line":2,"column":19},"end":{"line":2,"column":41}},"2":{"start":{"line":3,"column":14},"end":{"line":3,"column":39}},"3":{"start":{"line":4,"column":14},"end":{"line":4,"column":39}},"4":{"start":{"line":5,"column":15},"end":{"line":5,"column":41}},"5":{"start":{"line":7,"column":12},"end":{"line":7,"column":21}},"6":{"start":{"line":8,"column":0},"end":{"line":8,"column":27}},"7":{"start":{"line":10,"column":0},"end":{"line":10,"column":59}},"8":{"start":{"line":10,"column":33},"end":{"line":10,"column":57}},"9":{"start":{"line":11,"column":0},"end":{"line":11,"column":25}},"10":{"start":{"line":12,"column":0},"end":{"line":12,"column":25}},"11":{"start":{"line":13,"column":0},"end":{"line":13,"column":27}},"12":{"start":{"line":15,"column":0},"end":{"line":18,"column":3}},"13":{"start":{"line":16,"column":2},"end":{"line":16,"column":21}},"14":{"start":{"line":17,"column":2},"end":{"line":17,"column":72}},"15":{"start":{"line":20,"column":0},"end":{"line":23,"column":1}},"16":{"start":{"line":21,"column":15},"end":{"line":21,"column":39}},"17":{"start":{"line":22,"column":2},"end":{"line":22,"column":69}},"18":{"start":{"line":22,"column":25},"end":{"line":22,"column":67}},"19":{"start":{"line":25,"column":0},"end":{"line":25,"column":21}}},"fnMap":{"0":{"name":"(anonymous_0)","decl":{"start":{"line":10,"column":19},"end":{"line":10,"column":20}},"loc":{"start":{"line":10,"column":33},"end":{"line":10,"column":57}},"line":10},"1":{"name":"(anonymous_1)","decl":{"start":{"line":15,"column":8},"end":{"line":15,"column":9}},"loc":{"start":{"line":15,"column":33},"end":{"line":18,"column":1}},"line":15},"2":{"name":"(anonymous_2)","decl":{"start":{"line":22,"column":19},"end":{"line":22,"column":20}},"loc":{"start":{"line":22,"column":25},"end":{"line":22,"column":67}},"line":22}},"branchMap":{"0":{"loc":{"start":{"line":20,"column":0},"end":{"line":23,"column":1}},"type":"if","locations":[{"start":{"line":20,"column":0},"end":{"line":23,"column":1}},{"start":{},"end":{}}],"line":20},"1":{"loc":{"start":{"line":21,"column":15},"end":{"line":21,"column":39}},"type":"binary-expr","locations":[{"start":{"line":21,"column":15},"end":{"line":21,"column":31}},{"start":{"line":21,"column":35},"end":{"line":21,"column":39}}],"line":21}},"s":{"0":1,"1":1,"2":1,"3":1,"4":1,"5":1,"6":1,"7":1,"8":1,"9":1,"10":1,"11":1,"12":1,"13":0,"14":0,"15":1,"16":0,"17":0,"18":0,"19":1},"f":{"0":1,"1":0,"2":0},"b":{"0":[0,1],"1":[0,0]},"_coverageSchema":"1a1c01bbd47fc00a2c39e90264f33305004495a9","hash":"7da093f6016031a4222ce859629b2e6b1a865d4e"}
,"C:\\Users\\chahe\\OneDrive\\Desktop\\day17\\src\\routes\\posts.js": {"path":"C:\\Users\\chahe\\OneDrive\\Desktop\\day17\\src\\routes\\posts.js","statementMap":{"0":{"start":{"line":1,"column":16},"end":{"line":1,"column":34}},"1":{"start":{"line":2,"column":14},"end":{"line":2,"column":40}},"2":{"start":{"line":3,"column":15},"end":{"line":3,"column":31}},"3":{"start":{"line":5,"column":0},"end":{"line":11,"column":3}},"4":{"start":{"line":6,"column":36},"end":{"line":6,"column":44}},"5":{"start":{"line":7,"column":2},"end":{"line":7,"column":97}},"6":{"start":{"line":7,"column":43},"end":{"line":7,"column":97}},"7":{"start":{"line":8,"column":2},"end":{"line":8,"column":100}},"8":{"start":{"line":8,"column":45},"end":{"line":8,"column":100}},"9":{"start":{"line":9,"column":15},"end":{"line":9,"column":70}},"10":{"start":{"line":10,"column":2},"end":{"line":10,"column":29}},"11":{"start":{"line":13,"column":0},"end":{"line":13,"column":59}},"12":{"start":{"line":13,"column":30},"end":{"line":13,"column":57}},"13":{"start":{"line":14,"column":0},"end":{"line":18,"column":3}},"14":{"start":{"line":15,"column":12},"end":{"line":15,"column":40}},"15":{"start":{"line":16,"column":2},"end":{"line":16,"column":60}},"16":{"start":{"line":16,"column":10},"end":{"line":16,"column":60}},"17":{"start":{"line":17,"column":2},"end":{"line":17,"column":14}},"18":{"start":{"line":20,"column":0},"end":{"line":25,"column":3}},"19":{"start":{"line":21,"column":26},"end":{"line":21,"column":34}},"20":{"start":{"line":22,"column":18},"end":{"line":22,"column":66}},"21":{"start":{"line":23,"column":2},"end":{"line":23,"column":66}},"22":{"start":{"line":23,"column":16},"end":{"line":23,"column":66}},"23":{"start":{"line":24,"column":2},"end":{"line":24,"column":20}},"24":{"start":{"line":27,"column":0},"end":{"line":31,"column":3}},"25":{"start":{"line":28,"column":13},"end":{"line":28,"column":44}},"26":{"start":{"line":29,"column":2},"end":{"line":29,"column":61}},"27":{"start":{"line":29,"column":11},"end":{"line":29,"column":61}},"28":{"start":{"line":30,"column":2},"end":{"line":30,"column":25}},"29":{"start":{"line":33,"column":0},"end":{"line":33,"column":24}}},"fnMap":{"0":{"name":"(anonymous_0)","decl":{"start":{"line":5,"column":17},"end":{"line":5,"column":18}},"loc":{"start":{"line":5,"column":31},"end":{"line":11,"column":1}},"line":5},"1":{"name":"(anonymous_1)","decl":{"start":{"line":13,"column":16},"end":{"line":13,"column":17}},"loc":{"start":{"line":13,"column":30},"end":{"line":13,"column":57}},"line":13},"2":{"name":"(anonymous_2)","decl":{"start":{"line":14,"column":19},"end":{"line":14,"column":20}},"loc":{"start":{"line":14,"column":33},"end":{"line":18,"column":1}},"line":14},"3":{"name":"(anonymous_3)","decl":{"start":{"line":20,"column":19},"end":{"line":20,"column":20}},"loc":{"start":{"line":20,"column":33},"end":{"line":25,"column":1}},"line":20},"4":{"name":"(anonymous_4)","decl":{"start":{"line":27,"column":22},"end":{"line":27,"column":23}},"loc":{"start":{"line":27,"column":36},"end":{"line":31,"column":1}},"line":27}},"branchMap":{"0":{"loc":{"start":{"line":7,"column":2},"end":{"line":7,"column":97}},"type":"if","locations":[{"start":{"line":7,"column":2},"end":{"line":7,"column":97}},{"start":{},"end":{}}],"line":7},"1":{"loc":{"start":{"line":7,"column":6},"end":{"line":7,"column":41}},"type":"binary-expr","locations":[{"start":{"line":7,"column":6},"end":{"line":7,"column":12}},{"start":{"line":7,"column":16},"end":{"line":7,"column":41}}],"line":7},"2":{"loc":{"start":{"line":8,"column":2},"end":{"line":8,"column":100}},"type":"if","locations":[{"start":{"line":8,"column":2},"end":{"line":8,"column":100}},{"start":{},"end":{}}],"line":8},"3":{"loc":{"start":{"line":8,"column":6},"end":{"line":8,"column":43}},"type":"binary-expr","locations":[{"start":{"line":8,"column":6},"end":{"line":8,"column":15}},{"start":{"line":8,"column":19},"end":{"line":8,"column":43}}],"line":8},"4":{"loc":{"start":{"line":9,"column":47},"end":{"line":9,"column":57}},"type":"binary-expr","locations":[{"start":{"line":9,"column":47},"end":{"line":9,"column":51}},{"start":{"line":9,"column":55},"end":{"line":9,"column":57}}],"line":9},"5":{"loc":{"start":{"line":16,"column":2},"end":{"line":16,"column":60}},"type":"if","locations":[{"start":{"line":16,"column":2},"end":{"line":16,"column":60}},{"start":{},"end":{}}],"line":16},"6":{"loc":{"start":{"line":23,"column":2},"end":{"line":23,"column":66}},"type":"if","locations":[{"start":{"line":23,"column":2},"end":{"line":23,"column":66}},{"start":{},"end":{}}],"line":23},"7":{"loc":{"start":{"line":29,"column":2},"end":{"line":29,"column":61}},"type":"if","locations":[{"start":{"line":29,"column":2},"end":{"line":29,"column":61}},{"start":{},"end":{}}],"line":29}},"s":{"0":1,"1":1,"2":1,"3":1,"4":3,"5":3,"6":0,"7":3,"8":1,"9":2,"10":2,"11":1,"12":1,"13":1,"14":0,"15":0,"16":0,"17":0,"18":1,"19":0,"20":0,"21":0,"22":0,"23":0,"24":1,"25":0,"26":0,"27":0,"28":0,"29":1},"f":{"0":3,"1":1,"2":0,"3":0,"4":0},"b":{"0":[0,3],"1":[3,3],"2":[1,2],"3":[3,3],"4":[2,0],"5":[0,0],"6":[0,0],"7":[0,0]},"_coverageSchema":"1a1c01bbd47fc00a2c39e90264f33305004495a9","hash":"e3b814c19a7c1be57367bb9f25ea03fef75a434e"}
,"C:\\Users\\chahe\\OneDrive\\Desktop\\day17\\src\\routes\\search.js": {"path":"C:\\Users\\chahe\\OneDrive\\Desktop\\day17\\src\\routes\\search.js","statementMap":{"0":{"start":{"line":1,"column":16},"end":{"line":1,"column":34}},"1":{"start":{"line":2,"column":14},"end":{"line":2,"column":40}},"2":{"start":{"line":3,"column":15},"end":{"line":3,"column":31}},"3":{"start":{"line":5,"column":0},"end":{"line":8,"column":3}},"4":{"start":{"line":6,"column":12},"end":{"line":6,"column":29}},"5":{"start":{"line":7,"column":2},"end":{"line":7,"column":28}},"6":{"start":{"line":10,"column":0},"end":{"line":10,"column":24}}},"fnMap":{"0":{"name":"(anonymous_0)","decl":{"start":{"line":5,"column":16},"end":{"line":5,"column":17}},"loc":{"start":{"line":5,"column":30},"end":{"line":8,"column":1}},"line":5}},"branchMap":{"0":{"loc":{"start":{"line":6,"column":12},"end":{"line":6,"column":29}},"type":"binary-expr","locations":[{"start":{"line":6,"column":12},"end":{"line":6,"column":23}},{"start":{"line":6,"column":27},"end":{"line":6,"column":29}}],"line":6}},"s":{"0":1,"1":1,"2":1,"3":1,"4":1,"5":1,"6":1},"f":{"0":1},"b":{"0":[1,0]},"_coverageSchema":"1a1c01bbd47fc00a2c39e90264f33305004495a9","hash":"faf91173bde2e0e8a223cf5d02fcafc1a53f078b"}
,"C:\\Users\\chahe\\OneDrive\\Desktop\\day17\\src\\routes\\users.js": {"path":"C:\\Users\\chahe\\OneDrive\\Desktop\\day17\\src\\routes\\users.js","statementMap":{"0":{"start":{"line":1,"column":16},"end":{"line":1,"column":34}},"1":{"start":{"line":2,"column":14},"end":{"line":2,"column":40}},"2":{"start":{"line":3,"column":15},"end":{"line":3,"column":31}},"3":{"start":{"line":5,"column":0},"end":{"line":11,"column":3}},"4":{"start":{"line":6,"column":26},"end":{"line":6,"column":34}},"5":{"start":{"line":7,"column":2},"end":{"line":7,"column":94}},"6":{"start":{"line":7,"column":41},"end":{"line":7,"column":94}},"7":{"start":{"line":8,"column":2},"end":{"line":8,"column":100}},"8":{"start":{"line":8,"column":46},"end":{"line":8,"column":100}},"9":{"start":{"line":9,"column":15},"end":{"line":9,"column":48}},"10":{"start":{"line":10,"column":2},"end":{"line":10,"column":29}},"11":{"start":{"line":13,"column":0},"end":{"line":13,"column":59}},"12":{"start":{"line":13,"column":30},"end":{"line":13,"column":57}},"13":{"start":{"line":14,"column":0},"end":{"line":18,"column":3}},"14":{"start":{"line":15,"column":12},"end":{"line":15,"column":40}},"15":{"start":{"line":16,"column":2},"end":{"line":16,"column":60}},"16":{"start":{"line":16,"column":10},"end":{"line":16,"column":60}},"17":{"start":{"line":17,"column":2},"end":{"line":17,"column":14}},"18":{"start":{"line":20,"column":0},"end":{"line":25,"column":3}},"19":{"start":{"line":21,"column":26},"end":{"line":21,"column":34}},"20":{"start":{"line":22,"column":18},"end":{"line":22,"column":66}},"21":{"start":{"line":23,"column":2},"end":{"line":23,"column":66}},"22":{"start":{"line":23,"column":16},"end":{"line":23,"column":66}},"23":{"start":{"line":24,"column":2},"end":{"line":24,"column":20}},"24":{"start":{"line":27,"column":0},"end":{"line":31,"column":3}},"25":{"start":{"line":28,"column":13},"end":{"line":28,"column":44}},"26":{"start":{"line":29,"column":2},"end":{"line":29,"column":61}},"27":{"start":{"line":29,"column":11},"end":{"line":29,"column":61}},"28":{"start":{"line":30,"column":2},"end":{"line":30,"column":25}},"29":{"start":{"line":33,"column":0},"end":{"line":33,"column":24}}},"fnMap":{"0":{"name":"(anonymous_0)","decl":{"start":{"line":5,"column":17},"end":{"line":5,"column":18}},"loc":{"start":{"line":5,"column":31},"end":{"line":11,"column":1}},"line":5},"1":{"name":"(anonymous_1)","decl":{"start":{"line":13,"column":16},"end":{"line":13,"column":17}},"loc":{"start":{"line":13,"column":30},"end":{"line":13,"column":57}},"line":13},"2":{"name":"(anonymous_2)","decl":{"start":{"line":14,"column":19},"end":{"line":14,"column":20}},"loc":{"start":{"line":14,"column":33},"end":{"line":18,"column":1}},"line":14},"3":{"name":"(anonymous_3)","decl":{"start":{"line":20,"column":19},"end":{"line":20,"column":20}},"loc":{"start":{"line":20,"column":33},"end":{"line":25,"column":1}},"line":20},"4":{"name":"(anonymous_4)","decl":{"start":{"line":27,"column":22},"end":{"line":27,"column":23}},"loc":{"start":{"line":27,"column":36},"end":{"line":31,"column":1}},"line":27}},"branchMap":{"0":{"loc":{"start":{"line":7,"column":2},"end":{"line":7,"column":94}},"type":"if","locations":[{"start":{"line":7,"column":2},"end":{"line":7,"column":94}},{"start":{},"end":{}}],"line":7},"1":{"loc":{"start":{"line":7,"column":6},"end":{"line":7,"column":39}},"type":"binary-expr","locations":[{"start":{"line":7,"column":6},"end":{"line":7,"column":11}},{"start":{"line":7,"column":15},"end":{"line":7,"column":39}}],"line":7},"2":{"loc":{"start":{"line":8,"column":2},"end":{"line":8,"column":100}},"type":"if","locations":[{"start":{"line":8,"column":2},"end":{"line":8,"column":100}},{"start":{},"end":{}}],"line":8},"3":{"loc":{"start":{"line":8,"column":6},"end":{"line":8,"column":44}},"type":"binary-expr","locations":[{"start":{"line":8,"column":6},"end":{"line":8,"column":12}},{"start":{"line":8,"column":16},"end":{"line":8,"column":44}}],"line":8},"4":{"loc":{"start":{"line":16,"column":2},"end":{"line":16,"column":60}},"type":"if","locations":[{"start":{"line":16,"column":2},"end":{"line":16,"column":60}},{"start":{},"end":{}}],"line":16},"5":{"loc":{"start":{"line":23,"column":2},"end":{"line":23,"column":66}},"type":"if","locations":[{"start":{"line":23,"column":2},"end":{"line":23,"column":66}},{"start":{},"end":{}}],"line":23},"6":{"loc":{"start":{"line":29,"column":2},"end":{"line":29,"column":61}},"type":"if","locations":[{"start":{"line":29,"column":2},"end":{"line":29,"column":61}},{"start":{},"end":{}}],"line":29}},"s":{"0":1,"1":1,"2":1,"3":1,"4":5,"5":5,"6":1,"7":4,"8":0,"9":4,"10":4,"11":1,"12":0,"13":1,"14":2,"15":2,"16":1,"17":1,"18":1,"19":1,"20":1,"21":1,"22":0,"23":1,"24":1,"25":1,"26":1,"27":0,"28":1,"29":1},"f":{"0":5,"1":0,"2":2,"3":1,"4":1},"b":{"0":[1,4],"1":[5,4],"2":[0,4],"3":[4,4],"4":[1,1],"5":[0,1],"6":[0,1]},"_coverageSchema":"1a1c01bbd47fc00a2c39e90264f33305004495a9","hash":"5dac9f9b791464847ebac7ed3bad7cc076c5baf0"}
,"C:\\Users\\chahe\\OneDrive\\Desktop\\day17\\src\\store\\memory.js": {"path":"C:\\Users\\chahe\\OneDrive\\Desktop\\day17\\src\\store\\memory.js","statementMap":{"0":{"start":{"line":1,"column":23},"end":{"line":1,"column":38}},"1":{"start":{"line":3,"column":14},"end":{"line":3,"column":23}},"2":{"start":{"line":4,"column":14},"end":{"line":4,"column":23}},"3":{"start":{"line":6,"column":0},"end":{"line":55,"column":2}},"4":{"start":{"line":8,"column":4},"end":{"line":8,"column":18}},"5":{"start":{"line":9,"column":4},"end":{"line":9,"column":18}},"6":{"start":{"line":13,"column":15},"end":{"line":13,"column":23}},"7":{"start":{"line":14,"column":17},"end":{"line":14,"column":32}},"8":{"start":{"line":15,"column":4},"end":{"line":15,"column":24}},"9":{"start":{"line":16,"column":4},"end":{"line":16,"column":16}},"10":{"start":{"line":19,"column":16},"end":{"line":19,"column":37}},"11":{"start":{"line":20,"column":16},"end":{"line":20,"column":50}},"12":{"start":{"line":22,"column":4},"end":{"line":22,"column":36}},"13":{"start":{"line":22,"column":24},"end":{"line":22,"column":36}},"14":{"start":{"line":23,"column":14},"end":{"line":23,"column":52}},"15":{"start":{"line":24,"column":4},"end":{"line":24,"column":21}},"16":{"start":{"line":25,"column":4},"end":{"line":25,"column":13}},"17":{"start":{"line":27,"column":19},"end":{"line":27,"column":43}},"18":{"start":{"line":30,"column":15},"end":{"line":30,"column":23}},"19":{"start":{"line":31,"column":17},"end":{"line":31,"column":32}},"20":{"start":{"line":32,"column":4},"end":{"line":32,"column":24}},"21":{"start":{"line":33,"column":4},"end":{"line":33,"column":16}},"22":{"start":{"line":35,"column":16},"end":{"line":35,"column":37}},"23":{"start":{"line":36,"column":16},"end":{"line":36,"column":50}},"24":{"start":{"line":38,"column":4},"end":{"line":38,"column":36}},"25":{"start":{"line":38,"column":24},"end":{"line":38,"column":36}},"26":{"start":{"line":39,"column":14},"end":{"line":39,"column":52}},"27":{"start":{"line":40,"column":4},"end":{"line":40,"column":21}},"28":{"start":{"line":41,"column":4},"end":{"line":41,"column":13}},"29":{"start":{"line":43,"column":19},"end":{"line":43,"column":43}},"30":{"start":{"line":46,"column":14},"end":{"line":46,"column":41}},"31":{"start":{"line":47,"column":24},"end":{"line":49,"column":5}},"32":{"start":{"line":48,"column":6},"end":{"line":48,"column":88}},"33":{"start":{"line":50,"column":24},"end":{"line":52,"column":5}},"34":{"start":{"line":51,"column":6},"end":{"line":51,"column":87}},"35":{"start":{"line":53,"column":4},"end":{"line":53,"column":54}}},"fnMap":{"0":{"name":"(anonymous_0)","decl":{"start":{"line":7,"column":2},"end":{"line":7,"column":3}},"loc":{"start":{"line":7,"column":10},"end":{"line":10,"column":3}},"line":7},"1":{"name":"(anonymous_1)","decl":{"start":{"line":12,"column":2},"end":{"line":12,"column":3}},"loc":{"start":{"line":12,"column":19},"end":{"line":17,"column":3}},"line":12},"2":{"name":"(anonymous_2)","decl":{"start":{"line":19,"column":2},"end":{"line":19,"column":3}},"loc":{"start":{"line":19,"column":14},"end":{"line":19,"column":39}},"line":19},"3":{"name":"(anonymous_3)","decl":{"start":{"line":20,"column":2},"end":{"line":20,"column":3}},"loc":{"start":{"line":20,"column":14},"end":{"line":20,"column":52}},"line":20},"4":{"name":"(anonymous_4)","decl":{"start":{"line":21,"column":2},"end":{"line":21,"column":3}},"loc":{"start":{"line":21,"column":23},"end":{"line":26,"column":3}},"line":21},"5":{"name":"(anonymous_5)","decl":{"start":{"line":27,"column":2},"end":{"line":27,"column":3}},"loc":{"start":{"line":27,"column":17},"end":{"line":27,"column":45}},"line":27},"6":{"name":"(anonymous_6)","decl":{"start":{"line":29,"column":2},"end":{"line":29,"column":3}},"loc":{"start":{"line":29,"column":19},"end":{"line":34,"column":3}},"line":29},"7":{"name":"(anonymous_7)","decl":{"start":{"line":35,"column":2},"end":{"line":35,"column":3}},"loc":{"start":{"line":35,"column":14},"end":{"line":35,"column":39}},"line":35},"8":{"name":"(anonymous_8)","decl":{"start":{"line":36,"column":2},"end":{"line":36,"column":3}},"loc":{"start":{"line":36,"column":14},"end":{"line":36,"column":52}},"line":36},"9":{"name":"(anonymous_9)","decl":{"start":{"line":37,"column":2},"end":{"line":37,"column":3}},"loc":{"start":{"line":37,"column":23},"end":{"line":42,"column":3}},"line":37},"10":{"name":"(anonymous_10)","decl":{"start":{"line":43,"column":2},"end":{"line":43,"column":3}},"loc":{"start":{"line":43,"column":17},"end":{"line":43,"column":45}},"line":43},"11":{"name":"(anonymous_11)","decl":{"start":{"line":45,"column":2},"end":{"line":45,"column":3}},"loc":{"start":{"line":45,"column":16},"end":{"line":54,"column":3}},"line":45},"12":{"name":"(anonymous_12)","decl":{"start":{"line":47,"column":58},"end":{"line":47,"column":59}},"loc":{"start":{"line":48,"column":6},"end":{"line":48,"column":88}},"line":48},"13":{"name":"(anonymous_13)","decl":{"start":{"line":50,"column":58},"end":{"line":50,"column":59}},"loc":{"start":{"line":51,"column":6},"end":{"line":51,"column":87}},"line":51}},"branchMap":{"0":{"loc":{"start":{"line":22,"column":4},"end":{"line":22,"column":36}},"type":"if","locations":[{"start":{"line":22,"column":4},"end":{"line":22,"column":36}},{"start":{},"end":{}}],"line":22},"1":{"loc":{"start":{"line":38,"column":4},"end":{"line":38,"column":36}},"type":"if","locations":[{"start":{"line":38,"column":4},"end":{"line":38,"column":36}},{"start":{},"end":{}}],"line":38},"2":{"loc":{"start":{"line":46,"column":15},"end":{"line":46,"column":26}},"type":"binary-expr","locations":[{"start":{"line":46,"column":15},"end":{"line":46,"column":20}},{"start":{"line":46,"column":24},"end":{"line":46,"column":26}}],"line":46},"3":{"loc":{"start":{"line":48,"column":6},"end":{"line":48,"column":88}},"type":"binary-expr","locations":[{"start":{"line":48,"column":6},"end":{"line":48,"column":38}},{"start":{"line":48,"column":43},"end":{"line":48,"column":50}},{"start":{"line":48,"column":54},"end":{"line":48,"column":87}}],"line":48},"4":{"loc":{"start":{"line":51,"column":6},"end":{"line":51,"column":87}},"type":"binary-expr","locations":[{"start":{"line":51,"column":6},"end":{"line":51,"column":39}},{"start":{"line":51,"column":44},"end":{"line":51,"column":50}},{"start":{"line":51,"column":54},"end":{"line":51,"column":86}}],"line":51}},"s":{"0":1,"1":1,"2":1,"3":1,"4":7,"5":7,"6":4,"7":4,"8":4,"9":4,"10":5,"11":0,"12":1,"13":0,"14":1,"15":1,"16":1,"17":1,"18":2,"19":2,"20":2,"21":2,"22":0,"23":1,"24":0,"25":0,"26":0,"27":0,"28":0,"29":0,"30":1,"31":1,"32":2,"33":1,"34":1,"35":1},"f":{"0":7,"1":4,"2":5,"3":0,"4":1,"5":1,"6":2,"7":0,"8":1,"9":0,"10":0,"11":1,"12":2,"13":1},"b":{"0":[0,1],"1":[0,0],"2":[1,0],"3":[2,1,1],"4":[1,1,1]},"_coverageSchema":"1a1c01bbd47fc00a2c39e90264f33305004495a9","hash":"3aacebdeb5b312ec038b88759c666bd3d44beced"}
}
